<?xml version="1.0" encoding="utf-8"?><testsuites name="pytest tests"><testsuite name="pytest" errors="0" failures="0" skipped="0" tests="3" time="4.140" timestamp="2026-08-17T18:52:22.722354+00:00" hostname="agent-env-9c7a4bcb-92dc-48b4-9c23-575e41fe1b10"><testcase classname="backend.tests.test_build22_scripture_progress_persistence.TestProgressPersistence" name="test_progress_persists_across_reload_build_change_and_reinstall" time="2.602" /><testcase classname="backend.tests.test_build22_scripture_progress_persistence.TestLocalCalendarAdvancement" name="test_same_local_day_never_double_advances" time="1.337" /><testcase classname="backend.tests.test_build22_scripture_progress_persistence.TestGuestNoServerProgress" name="test_guest_always_day_one_no_progress" time="0.144" /></testsuite></testsuites>