<?xml version="1.0" encoding="utf-8"?><testsuites name="pytest tests"><testsuite name="pytest" errors="0" failures="0" skipped="0" tests="4" time="38.824" timestamp="2026-08-17T18:36:32.454355+00:00" hostname="agent-env-9c7a4bcb-92dc-48b4-9c23-575e41fe1b10"><testcase classname="backend.tests.test_build22_walk_e2e.TestDailyVerse" name="test_guest_daily_verse_returns_day1_genesis" time="0.292" /><testcase classname="backend.tests.test_build22_walk_e2e.TestWalkMemoryLifecycle" name="test_full_lifecycle_second_person_callback" time="15.991" /><testcase classname="backend.tests.test_build22_walk_e2e.TestGuestIsolation" name="test_guest_a_and_b_do_not_leak" time="14.807" /><testcase classname="backend.tests.test_build22_walk_e2e.TestSSEDoneMetadata" name="test_bare_thanks_after_resolved_conversation_yields_close" time="7.648" /></testsuite></testsuites>