<?xml version="1.0" encoding="utf-8"?><testsuites name="pytest tests"><testsuite name="pytest" errors="0" failures="0" skipped="0" tests="4" time="0.542" timestamp="2026-07-02T01:25:23.882067+00:00" hostname="agent-env-4b34e425-2bb1-49aa-a5e4-c7cc230004cf"><testcase classname="backend.tests.test_auth_refresh_reflection" name="test_refresh_recovers_from_stale_access_token" time="0.240" /><testcase classname="backend.tests.test_auth_refresh_reflection" name="test_refresh_rejects_bogus_refresh_token" time="0.003" /><testcase classname="backend.tests.test_auth_refresh_reflection" name="test_guest_fallback_reflections_works" time="0.002" /><testcase classname="backend.tests.test_auth_refresh_reflection" name="test_reflection_save_with_refreshed_token_isolates_to_user" time="0.235" /></testsuite></testsuites>