<?xml version="1.0" encoding="utf-8"?><testsuites name="pytest tests"><testsuite name="pytest" errors="0" failures="0" skipped="0" tests="19" time="11.250" timestamp="2026-05-30T06:31:21.976444+00:00" hostname="agent-env-4b34e425-2bb1-49aa-a5e4-c7cc230004cf"><testcase classname="backend_test.TestRegister" name="test_register_success" time="0.426" /><testcase classname="backend_test.TestRegister" name="test_register_duplicate_returns_400" time="0.432" /><testcase classname="backend_test.TestLoginAndMe" name="test_login_success_and_me" time="0.808" /><testcase classname="backend_test.TestLoginAndMe" name="test_me_without_token_returns_401" time="0.113" /><testcase classname="backend_test.TestLoginAndMe" name="test_me_with_garbage_token_returns_401" time="0.118" /><testcase classname="backend_test.TestLoginAndMe" name="test_login_wrong_password_returns_401" time="0.665" /><testcase classname="backend_test.TestLoginAndMe" name="test_login_brute_force_returns_429" time="2.093" /><testcase classname="backend_test.TestRefresh" name="test_refresh_rotation_and_reuse_revoke" time="0.784" /><testcase classname="backend_test.TestLogout" name="test_logout_revokes_session_and_me_401" time="0.658" /><testcase classname="backend_test.TestLogout" name="test_logout_without_token_is_idempotent_200" time="0.099" /><testcase classname="backend_test.TestGoogle" name="test_google_invalid_session_returns_401" time="0.194" /><testcase classname="backend_test.TestApple" name="test_apple_disabled_returns_503" time="0.101" /><testcase classname="backend_test.TestMigration" name="test_migrate_and_replay_idempotent" time="0.673" /><testcase classname="backend_test.TestMigration" name="test_cross_user_guest_id_returns_409" time="0.885" /><testcase classname="backend_test.TestMigration" name="test_migrate_requires_auth" time="0.100" /><testcase classname="backend_test.TestAccountLinking" name="test_email_uniqueness_enforced" time="0.432" /><testcase classname="backend_test.TestAnonymousRegression" name="test_daily_verse_no_auth" time="0.111" /><testcase classname="backend_test.TestAnonymousRegression" name="test_prayer_request_no_auth" time="2.137" /><testcase classname="backend_test.TestAnonymousRegression" name="test_reflection_create_list_no_auth" time="0.325" /></testsuite></testsuites>