<?xml version="1.0" encoding="utf-8"?><testsuites name="pytest tests"><testsuite name="pytest" errors="0" failures="0" skipped="0" tests="19" time="42.368" timestamp="2026-05-28T02:10:35.595100+00:00" hostname="agent-env-4b34e425-2bb1-49aa-a5e4-c7cc230004cf"><testcase classname="backend.tests.test_prayers_loft_api" name="test_root" time="0.191" /><testcase classname="backend.tests.test_prayers_loft_api.TestPrayerFlow" name="test_prayer_request_returns_reflection" time="4.672" /><testcase classname="backend.tests.test_prayers_loft_api.TestPrayerFlow" name="test_prayer_request_empty_message_rejected" time="0.047" /><testcase classname="backend.tests.test_prayers_loft_api.TestPrayerFlow" name="test_prayer_follow_up_returns_prayer" time="3.087" /><testcase classname="backend.tests.test_prayers_loft_api.TestPrayerFlow" name="test_prayer_follow_up_without_consent" time="0.073" /><testcase classname="backend.tests.test_prayers_loft_api.TestDailyVerse" name="test_daily_verse" time="0.062" /><testcase classname="backend.tests.test_prayers_loft_api.TestReactions" name="test_react_and_get_counts" time="0.380" /><testcase classname="backend.tests.test_prayers_loft_api.TestReactions" name="test_invalid_emoji_rejected" time="0.050" /><testcase classname="backend.tests.test_prayers_loft_api.TestTheologicalQA" name="test_styles[Devotional]" time="12.310" /><testcase classname="backend.tests.test_prayers_loft_api.TestTheologicalQA" name="test_styles[Theologian]" time="11.375" /><testcase classname="backend.tests.test_prayers_loft_api.TestTheologicalQA" name="test_styles[Pastoral]" time="9.485" /><testcase classname="backend.tests.test_prayers_loft_api.TestTheologicalQA" name="test_invalid_style_rejected" time="0.052" /><testcase classname="backend.tests.test_prayers_loft_api.TestReflections" name="test_create_reflection" time="0.058" /><testcase classname="backend.tests.test_prayers_loft_api.TestReflections" name="test_list_reflections" time="0.047" /><testcase classname="backend.tests.test_prayers_loft_api.TestReflections" name="test_update_reflection" time="0.112" /><testcase classname="backend.tests.test_prayers_loft_api.TestReflections" name="test_update_nonexistent_returns_404" time="0.051" /><testcase classname="backend.tests.test_prayers_loft_api.TestReflections" name="test_delete_reflection" time="0.096" /><testcase classname="backend.tests.test_prayers_loft_api.TestReflections" name="test_delete_nonexistent_returns_404" time="0.052" /><testcase classname="backend.tests.test_prayers_loft_api.TestReflections" name="test_create_empty_text_rejected" time="0.045" /></testsuite></testsuites>