<?xml version="1.0" encoding="utf-8"?><testsuites name="pytest tests"><testsuite name="pytest" errors="0" failures="0" skipped="0" tests="25" time="13.455" timestamp="2026-05-28T23:30:40.487968+00:00" hostname="agent-env-4b34e425-2bb1-49aa-a5e4-c7cc230004cf"><testcase classname="backend.tests.test_prayers_loft_api" name="test_root" time="0.265" /><testcase classname="backend.tests.test_prayers_loft_api.TestPrayerFlow" name="test_prayer_request_returns_reflection" time="2.512" /><testcase classname="backend.tests.test_prayers_loft_api.TestPrayerFlow" name="test_prayer_request_empty_message_rejected" time="0.058" /><testcase classname="backend.tests.test_prayers_loft_api.TestDailyVerse" name="test_daily_verse" time="0.063" /><testcase classname="backend.tests.test_prayers_loft_api.TestDailyVerse" name="test_daily_verse_local_date_deterministic" time="0.902" /><testcase classname="backend.tests.test_prayers_loft_api.TestReactions" name="test_react_and_get_counts" time="0.359" /><testcase classname="backend.tests.test_prayers_loft_api.TestReactions" name="test_invalid_reaction_rejected" time="0.047" /><testcase classname="backend.tests.test_prayers_loft_api.TestTheologicalQA" name="test_styles[Devotional]" time="2.858" /><testcase classname="backend.tests.test_prayers_loft_api.TestTheologicalQA" name="test_styles[Theologian]" time="3.812" /><testcase classname="backend.tests.test_prayers_loft_api.TestTheologicalQA" name="test_invalid_style_rejected" time="0.053" /><testcase classname="backend.tests.test_prayers_loft_api.TestTheologicalQA" name="test_empty_question_rejected" time="0.054" /><testcase classname="backend.tests.test_prayers_loft_api.TestShareExcerpt" name="test_devotional_excerpt_caching" time="0.121" /><testcase classname="backend.tests.test_prayers_loft_api.TestShareExcerpt" name="test_theologian_excerpt" time="0.050" /><testcase classname="backend.tests.test_prayers_loft_api.TestShareExcerpt" name="test_short_text_still_returns_excerpt" time="0.059" /><testcase classname="backend.tests.test_prayers_loft_api.TestShareExcerpt" name="test_empty_text_rejected" time="0.049" /><testcase classname="backend.tests.test_prayers_loft_api.TestShareExcerpt" name="test_invalid_style_rejected" time="0.047" /><testcase classname="backend.tests.test_prayers_loft_api.TestShareExcerpt" name="test_prayer_excerpt_preserves_first_person" time="0.743" /><testcase classname="backend.tests.test_prayers_loft_api.TestShareExcerpt" name="test_verse_excerpt" time="0.877" /><testcase classname="backend.tests.test_prayers_loft_api.TestReflections" name="test_create_reflection" time="0.053" /><testcase classname="backend.tests.test_prayers_loft_api.TestReflections" name="test_list_includes_created" time="0.051" /><testcase classname="backend.tests.test_prayers_loft_api.TestReflections" name="test_update_reflection" time="0.060" /><testcase classname="backend.tests.test_prayers_loft_api.TestReflections" name="test_delete_reflection" time="0.106" /><testcase classname="backend.tests.test_prayers_loft_api.TestReflections" name="test_update_nonexistent_returns_404" time="0.049" /><testcase classname="backend.tests.test_prayers_loft_api.TestReflections" name="test_delete_nonexistent_returns_404" time="0.053" /><testcase classname="backend.tests.test_prayers_loft_api.TestReflections" name="test_create_empty_text_rejected" time="0.051" /></testsuite></testsuites>