<?xml version="1.0" encoding="utf-8"?><testsuites name="pytest tests"><testsuite name="pytest" errors="0" failures="0" skipped="0" tests="9" time="51.262" timestamp="2026-07-16T00:29:49.407963+00:00" hostname="agent-env-4b34e425-2bb1-49aa-a5e4-c7cc230004cf"><testcase classname="backend.tests.test_walk_discipleship.TestSessionLifecycle" name="test_first_session_opener_is_first_session_copy" time="0.005" /><testcase classname="backend.tests.test_walk_discipleship.TestSessionLifecycle" name="test_returning_session_quotes_last_commitment" time="9.165" /><testcase classname="backend.tests.test_walk_discipleship.TestStreamingDiscipline" name="test_sse_content_type_and_done_frame_and_persistence" time="3.320" /><testcase classname="backend.tests.test_walk_discipleship.TestMemoryExtraction" name="test_explicit_statements_saved_with_high_confidence" time="8.791" /><testcase classname="backend.tests.test_walk_discipleship.TestScriptureAttribution" name="test_scripture_reference_shape" time="6.135" /><testcase classname="backend.tests.test_walk_discipleship.TestCrisisHandling" name="test_crisis_message_triggers_safeguards" time="5.324" /><testcase classname="backend.tests.test_walk_discipleship.TestDoctrinalFairness" name="test_predestination_reply_is_fair" time="10.317" /><testcase classname="backend.tests.test_walk_discipleship.TestOwnershipIsolation" name="test_guest_b_cannot_see_guest_a_memory" time="0.006" /><testcase classname="backend.tests.test_walk_discipleship.TestEndIdempotency" name="test_second_end_returns_same_ended_at_and_no_dup_saves" time="8.004" /></testsuite></testsuites>